Log file open, 08/02/20 09:43:21
LogWindows: Failed to load 'aqProf.dll' (GetLastError=126)
LogWindows: File 'aqProf.dll' does not exist
LogWindows: Failed to load 'VtuneApi.dll' (GetLastError=126)
LogWindows: File 'VtuneApi.dll' does not exist
LogWindows: Failed to load 'VtuneApi32e.dll' (GetLastError=126)
LogWindows: File 'VtuneApi32e.dll' does not exist
LogConsoleResponse: Display: Failed to find resolution value strings in scalability ini. Falling back to default.
LogInit: Display: Running engine for game: AI_Using_BP
LogPlatformFile: Not using cached read wrapper
LogTaskGraph: Started task graph with 5 named threads and 14 total threads with 3 sets of task threads.
LogStats: Stats thread started at 0.655473
LogD3D11RHI: Loaded GFSDK_Aftermath_Lib.x64.dll
LogICUInternationalization: ICU TimeZone Detection - Raw Offset: +0:00, Platform Override: ''
LogPluginManager: Mounting plugin Paper2D
LogPluginManager: Mounting plugin AISupport
LogPluginManager: Mounting plugin LightPropagationVolume
LogPluginManager: Mounting plugin ActorLayerUtilities
LogPluginManager: Mounting plugin AnimationSharing
LogPluginManager: Mounting plugin CLionSourceCodeAccess
LogPluginManager: Mounting plugin CodeLiteSourceCodeAccess
LogPluginManager: Mounting plugin GitSourceControl
LogPluginManager: Mounting plugin KDevelopSourceCodeAccess
LogPluginManager: Mounting plugin NullSourceCodeAccess
LogPluginManager: Mounting plugin PerforceSourceControl
LogPluginManager: Mounting plugin PlasticSourceControl
LogPluginManager: Mounting plugin SubversionSourceControl
LogPluginManager: Mounting plugin UObjectPlugin
LogPluginManager: Mounting plugin VisualStudioCodeSourceCodeAccess
LogPluginManager: Mounting plugin VisualStudioSourceCodeAccess
LogPluginManager: Mounting plugin XCodeSourceCodeAccess
LogPluginManager: Mounting plugin AssetManagerEditor
LogPluginManager: Mounting plugin CryptoKeys
LogPluginManager: Mounting plugin CurveEditorTools
LogPluginManager: Mounting plugin DataValidation
LogPluginManager: Mounting plugin FacialAnimation
LogPluginManager: Mounting plugin GameplayTagsEditor
LogPluginManager: Mounting plugin MacGraphicsSwitching
LogPluginManager: Mounting plugin MaterialAnalyzer
LogPluginManager: Mounting plugin MobileLauncherProfileWizard
LogPluginManager: Mounting plugin PluginBrowser
LogPluginManager: Mounting plugin SpeedTreeImporter
LogPluginManager: Mounting plugin DatasmithContent
LogPluginManager: Mounting plugin VariantManagerContent
LogPluginManager: Mounting plugin AlembicImporter
LogPluginManager: Mounting plugin AutomationUtils
LogPluginManager: Mounting plugin BackChannel
LogPluginManager: Mounting plugin CharacterAI
LogPluginManager: Mounting plugin GeometryCache
LogPluginManager: Mounting plugin PlatformCrypto
LogPluginManager: Mounting plugin ProxyLODPlugin
LogPluginManager: Mounting plugin SkeletalReduction
LogPluginManager: Mounting plugin MagicLeap
LogPluginManager: Mounting plugin MagicLeapMedia
LogPluginManager: Mounting plugin MLSDK
LogPluginManager: Mounting plugin AndroidMedia
LogPluginManager: Mounting plugin AvfMedia
LogPluginManager: Mounting plugin ImgMedia
LogPluginManager: Mounting plugin MediaCompositing
LogPluginManager: Mounting plugin MediaPlayerEditor
LogPluginManager: Mounting plugin WebMMedia
LogPluginManager: Mounting plugin WmfMedia
LogPluginManager: Mounting plugin TcpMessaging
LogPluginManager: Mounting plugin UdpMessaging
LogPluginManager: Mounting plugin ActorSequence
LogPluginManager: Mounting plugin LevelSequenceEditor
LogPluginManager: Mounting plugin MatineeToLevelSequence
LogPluginManager: Mounting plugin NetcodeUnitTest
LogPluginManager: Mounting plugin NUTUnrealEngine4
LogPluginManager: Mounting plugin OnlineSubsystemGooglePlay
LogPluginManager: Mounting plugin OnlineSubsystemIOS
LogPluginManager: Mounting plugin OnlineSubsystem
LogPluginManager: Mounting plugin OnlineSubsystemNull
LogPluginManager: Mounting plugin OnlineSubsystemUtils
LogPluginManager: Mounting plugin LauncherChunkInstaller
LogPluginManager: Mounting plugin AndroidDeviceProfileSelector
LogPluginManager: Mounting plugin AndroidMoviePlayer
LogPluginManager: Mounting plugin AndroidPermission
LogPluginManager: Mounting plugin AppleImageUtils
LogPluginManager: Mounting plugin AppleMoviePlayer
LogPluginManager: Mounting plugin ArchVisCharacter
LogPluginManager: Mounting plugin AssetTags
LogPluginManager: Mounting plugin AudioCapture
LogPluginManager: Mounting plugin CableComponent
LogPluginManager: Mounting plugin CustomMeshComponent
LogPluginManager: Mounting plugin EditableMesh
LogPluginManager: Mounting plugin ExampleDeviceProfileSelector
LogPluginManager: Mounting plugin GoogleCloudMessaging
LogPluginManager: Mounting plugin IOSDeviceProfileSelector
LogPluginManager: Mounting plugin LinuxDeviceProfileSelector
LogPluginManager: Mounting plugin LocationServicesBPLibrary
LogPluginManager: Mounting plugin MobilePatchingUtils
LogPluginManager: Mounting plugin OculusVR
LogPluginManager: Mounting plugin PhysXVehicles
LogPluginManager: Mounting plugin PostSplashScreen
LogPluginManager: Mounting plugin ProceduralMeshComponent
LogPluginManager: Mounting plugin RuntimePhysXCooking
LogPluginManager: Mounting plugin SignificanceManager
LogPluginManager: Mounting plugin SteamVR
LogPluginManager: Mounting plugin WebMMoviePlayer
LogPluginManager: Mounting plugin WindowsMoviePlayer
LogPluginManager: Mounting plugin ScreenshotTools
LogInit: Using libcurl 7.55.1-DEV
LogInit:  - built for x86_64-pc-win32
LogInit:  - supports SSL with OpenSSL/1.1.1
LogInit:  - supports HTTP deflate (compression) using libz 1.2.8
LogInit:  - other features:
LogInit:      CURL_VERSION_SSL
LogInit:      CURL_VERSION_LIBZ
LogInit:      CURL_VERSION_IPV6
LogInit:      CURL_VERSION_ASYNCHDNS
LogInit:      CURL_VERSION_LARGEFILE
LogInit:      CURL_VERSION_IDN
LogInit:  CurlRequestOptions (configurable via config and command line):
LogInit:  - bVerifyPeer = true  - Libcurl will verify peer certificate
LogInit:  - bUseHttpProxy = false  - Libcurl will NOT use HTTP proxy
LogInit:  - bDontReuseConnections = false  - Libcurl will reuse connections
LogInit:  - MaxHostConnections = 16  - Libcurl will limit the number of connections to a host
LogInit:  - LocalHostAddr = Default
LogInit:  - BufferSize = 65536
LogOnline: OSS: Creating online subsystem instance for: NULL
LogInit: WinSock: version 1.1 (2.2), MaxSocks=32767, MaxUdp=65467
LogOnline: OSS: TryLoadSubsystemAndSetDefault: Loaded subsystem for module [NULL]
LogInit: Build: ++UE4+Release-4.24-CL-11590370
LogInit: Engine Version: 4.24.3-11590370+++UE4+Release-4.24
LogInit: Compatible Engine Version: 4.24.0-10570792+++UE4+Release-4.24
LogInit: Net CL: 10570792
LogInit: OS: Windows 10 (Release 1903) (), CPU: Intel(R) Core(TM) i5-4460  CPU @ 3.20GHz, GPU: NVIDIA GeForce GTX 760
LogInit: Compiled (64-bit): Feb 24 2020 15:39:18
LogInit: Compiled with Visual C++: 19.16.27032.01
LogInit: Build Configuration: Development
LogInit: Branch Name: ++UE4+Release-4.24
LogInit: Command Line: 
LogInit: Base Directory: C:/UE24/UE_4.24/Engine/Binaries/Win64/
LogInit: Installed Engine Build: 1
LogDevObjectVersion: Number of dev versions registered: 25
LogDevObjectVersion:   Dev-Blueprints (B0D832E4-1F89-4F0D-ACCF-7EB736FD4AA2): 10
LogDevObjectVersion:   Dev-Build (E1C64328-A22C-4D53-A36C-8E866417BD8C): 0
LogDevObjectVersion:   Dev-Core (375EC13C-06E4-48FB-B500-84F0262A717E): 3
LogDevObjectVersion:   Dev-Editor (E4B068ED-F494-42E9-A231-DA0B2E46BB41): 37
LogDevObjectVersion:   Dev-Framework (CFFC743F-43B0-4480-9391-14DF171D2073): 36
LogDevObjectVersion:   Dev-Mobile (B02B49B5-BB20-44E9-A304-32B752E40360): 2
LogDevObjectVersion:   Dev-Networking (A4E4105C-59A1-49B5-A7C5-40C4547EDFEE): 0
LogDevObjectVersion:   Dev-Online (39C831C9-5AE6-47DC-9A44-9C173E1C8E7C): 0
LogDevObjectVersion:   Dev-Physics (78F01B33-EBEA-4F98-B9B4-84EACCB95AA2): 2
LogDevObjectVersion:   Dev-Platform (6631380F-2D4D-43E0-8009-CF276956A95A): 0
LogDevObjectVersion:   Dev-Rendering (12F88B9F-8875-4AFC-A67C-D90C383ABD29): 36
LogDevObjectVersion:   Dev-Sequencer (7B5AE74C-D270-4C10-A958-57980B212A5A): 11
LogDevObjectVersion:   Dev-VR (D7296918-1DD6-4BDD-9DE2-64A83CC13884): 2
LogDevObjectVersion:   Dev-LoadTimes (C2A15278-BFE7-4AFE-6C17-90FF531DF755): 1
LogDevObjectVersion:   Private-Geometry (6EACA3D4-40EC-4CC1-B786-8BED09428FC5): 3
LogDevObjectVersion:   Dev-AnimPhys (29E575DD-E0A3-4627-9D10-D276232CDCEA): 17
LogDevObjectVersion:   Dev-Anim (AF43A65D-7FD3-4947-9873-3E8ED9C1BB05): 2
LogDevObjectVersion:   Dev-ReflectionCapture (6B266CEC-1EC7-4B8F-A30B-E4D90942FC07): 1
LogDevObjectVersion:   Dev-Automation (0DF73D61-A23F-47EA-B727-89E90C41499A): 1
LogDevObjectVersion:   FortniteMain (601D1886-AC64-4F84-AA16-D3DE0DEAC7D6): 31
LogDevObjectVersion:   Dev-Enterprise (9DFFBCD6-494F-0158-E221-12823C92A888): 8
LogDevObjectVersion:   Dev-Niagara (F2AED0AC-9AFE-416F-8664-AA7FFA26D6FC): 1
LogDevObjectVersion:   Dev-Destruction (174F1F0B-B4C6-45A5-B13F-2EE8D0FB917D): 9
LogDevObjectVersion:   Dev-Physics-Ext (35F94A83-E258-406C-A318-09F59610247C): 8
LogDevObjectVersion:   Dev-CineCamera (B2E18506-4273-CFC2-A54E-F4BB758BBA07): 1
LogInit: Presizing for max 25165824 objects, including 0 objects not considered by GC, pre-allocating 0 bytes for permanent pool.
LogInit: Object subsystem initialized
LogConfig: Setting CVar [[con.DebugEarlyDefault:1]]
LogConfig: Setting CVar [[r.setres:1280x720]]
[2020.08.02-08.43.25:565][  0]LogConfig: Setting CVar [[r.VSync:0]]
[2020.08.02-08.43.25:565][  0]LogConfig: Setting CVar [[r.RHICmdBypass:0]]
[2020.08.02-08.43.25:567][  0]LogConfig: Applying CVar settings from Section [/Script/Engine.RendererSettings] File [C:/Users/walid/Desktop/AI_Using_BP/Saved/Config/Windows/Engine.ini]
[2020.08.02-08.43.25:567][  0]LogConfig: Setting CVar [[r.GPUCrashDebugging:0]]
[2020.08.02-08.43.25:568][  0]LogConfig: Applying CVar settings from Section [/Script/Engine.RendererOverrideSettings] File [C:/Users/walid/Desktop/AI_Using_BP/Saved/Config/Windows/Engine.ini]
[2020.08.02-08.43.25:568][  0]LogConfig: Applying CVar settings from Section [/Script/Engine.StreamingSettings] File [C:/Users/walid/Desktop/AI_Using_BP/Saved/Config/Windows/Engine.ini]
[2020.08.02-08.43.25:568][  0]LogConfig: Setting CVar [[s.MinBulkDataSizeForAsyncLoading:131072]]
[2020.08.02-08.43.25:568][  0]LogConfig: Setting CVar [[s.AsyncLoadingThreadEnabled:0]]
[2020.08.02-08.43.25:568][  0]LogConfig: Setting CVar [[s.EventDrivenLoaderEnabled:1]]
[2020.08.02-08.43.25:568][  0]LogConfig: Setting CVar [[s.WarnIfTimeLimitExceeded:0]]
[2020.08.02-08.43.25:568][  0]LogConfig: Setting CVar [[s.TimeLimitExceededMultiplier:1.5]]
[2020.08.02-08.43.25:569][  0]LogConfig: Setting CVar [[s.TimeLimitExceededMinTime:0.005]]
[2020.08.02-08.43.25:569][  0]LogConfig: Setting CVar [[s.UseBackgroundLevelStreaming:1]]
[2020.08.02-08.43.25:569][  0]LogConfig: Setting CVar [[s.PriorityAsyncLoadingExtraTime:15.0]]
[2020.08.02-08.43.25:569][  0]LogConfig: Setting CVar [[s.LevelStreamingActorsUpdateTimeLimit:5.0]]
[2020.08.02-08.43.25:569][  0]LogConfig: Setting CVar [[s.PriorityLevelStreamingActorsUpdateExtraTime:5.0]]
[2020.08.02-08.43.25:569][  0]LogConfig: Setting CVar [[s.LevelStreamingComponentsRegistrationGranularity:10]]
[2020.08.02-08.43.25:569][  0]LogConfig: Setting CVar [[s.UnregisterComponentsTimeLimit:1.0]]
[2020.08.02-08.43.25:569][  0]LogConfig: Setting CVar [[s.LevelStreamingComponentsUnregistrationGranularity:5]]
[2020.08.02-08.43.25:570][  0]LogConfig: Setting CVar [[s.FlushStreamingOnExit:1]]
[2020.08.02-08.43.25:588][  0]LogConfig: Applying CVar settings from Section [/Script/Engine.GarbageCollectionSettings] File [C:/Users/walid/Desktop/AI_Using_BP/Saved/Config/Windows/Engine.ini]
[2020.08.02-08.43.25:588][  0]LogConfig: Setting CVar [[gc.MaxObjectsNotConsideredByGC:1]]
[2020.08.02-08.43.25:589][  0]LogConfig: Setting CVar [[gc.SizeOfPermanentObjectPool:0]]
[2020.08.02-08.43.25:589][  0]LogConfig: Setting CVar [[gc.FlushStreamingOnGC:0]]
[2020.08.02-08.43.25:589][  0]LogConfig: Setting CVar [[gc.NumRetriesBeforeForcingGC:10]]
[2020.08.02-08.43.25:589][  0]LogConfig: Setting CVar [[gc.AllowParallelGC:1]]
[2020.08.02-08.43.25:589][  0]LogConfig: Setting CVar [[gc.TimeBetweenPurgingPendingKillObjects:61.1]]
[2020.08.02-08.43.25:589][  0]LogConfig: Setting CVar [[gc.MaxObjectsInEditor:25165824]]
[2020.08.02-08.43.25:589][  0]LogConfig: Setting CVar [[gc.IncrementalBeginDestroyEnabled:1]]
[2020.08.02-08.43.25:590][  0]LogConfig: Setting CVar [[gc.CreateGCClusters:1]]
[2020.08.02-08.43.25:590][  0]LogConfig: Setting CVar [[gc.MinGCClusterSize:5]]
[2020.08.02-08.43.25:590][  0]LogConfig: Setting CVar [[gc.ActorClusteringEnabled:0]]
[2020.08.02-08.43.25:590][  0]LogConfig: Setting CVar [[gc.BlueprintClusteringEnabled:0]]
[2020.08.02-08.43.25:590][  0]LogConfig: Setting CVar [[gc.UseDisregardForGCOnDedicatedServers:0]]
[2020.08.02-08.43.25:590][  0]LogConfig: Applying CVar settings from Section [/Script/Engine.NetworkSettings] File [C:/Users/walid/Desktop/AI_Using_BP/Saved/Config/Windows/Engine.ini]
[2020.08.02-08.43.25:590][  0]LogConfig: Applying CVar settings from Section [/Script/UnrealEd.CookerSettings] File [C:/Users/walid/Desktop/AI_Using_BP/Saved/Config/Windows/Engine.ini]
[2020.08.02-08.43.25:642][  0]LogConfig: Applying CVar settings from Section [ViewDistanceQuality@3] File [C:/Users/walid/Desktop/AI_Using_BP/Saved/Config/Windows/Scalability.ini]
[2020.08.02-08.43.25:643][  0]LogConfig: Setting CVar [[r.SkeletalMeshLODBias:0]]
[2020.08.02-08.43.25:643][  0]LogConfig: Setting CVar [[r.ViewDistanceScale:1.0]]
[2020.08.02-08.43.25:643][  0]LogConfig: Applying CVar settings from Section [AntiAliasingQuality@3] File [C:/Users/walid/Desktop/AI_Using_BP/Saved/Config/Windows/Scalability.ini]
[2020.08.02-08.43.25:643][  0]LogConfig: Setting CVar [[r.PostProcessAAQuality:4]]
[2020.08.02-08.43.25:643][  0]LogConfig: Applying CVar settings from Section [ShadowQuality@3] File [C:/Users/walid/Desktop/AI_Using_BP/Saved/Config/Windows/Scalability.ini]
[2020.08.02-08.43.25:643][  0]LogConfig: Setting CVar [[r.LightFunctionQuality:1]]
[2020.08.02-08.43.25:643][  0]LogConfig: Setting CVar [[r.ShadowQuality:5]]
[2020.08.02-08.43.25:643][  0]LogConfig: Setting CVar [[r.Shadow.CSM.MaxCascades:10]]
[2020.08.02-08.43.25:643][  0]LogConfig: Setting CVar [[r.Shadow.MaxResolution:2048]]
[2020.08.02-08.43.25:643][  0]LogConfig: Setting CVar [[r.Shadow.MaxCSMResolution:2048]]
[2020.08.02-08.43.25:643][  0]LogConfig: Setting CVar [[r.Shadow.RadiusThreshold:0.01]]
[2020.08.02-08.43.25:643][  0]LogConfig: Setting CVar [[r.Shadow.DistanceScale:1.0]]
[2020.08.02-08.43.25:643][  0]LogConfig: Setting CVar [[r.Shadow.CSM.TransitionScale:1.0]]
[2020.08.02-08.43.25:643][  0]LogConfig: Setting CVar [[r.Shadow.PreShadowResolutionFactor:1.0]]
[2020.08.02-08.43.25:643][  0]LogConfig: Setting CVar [[r.DistanceFieldShadowing:1]]
[2020.08.02-08.43.25:644][  0]LogConfig: Setting CVar [[r.DistanceFieldAO:1]]
[2020.08.02-08.43.25:644][  0]LogConfig: Setting CVar [[r.AOQuality:2]]
[2020.08.02-08.43.25:644][  0]LogConfig: Setting CVar [[r.VolumetricFog:1]]
[2020.08.02-08.43.25:644][  0]LogConfig: Setting CVar [[r.VolumetricFog.GridPixelSize:8]]
[2020.08.02-08.43.25:644][  0]LogConfig: Setting CVar [[r.VolumetricFog.GridSizeZ:128]]
[2020.08.02-08.43.25:644][  0]LogConfig: Setting CVar [[r.VolumetricFog.HistoryMissSupersampleCount:4]]
[2020.08.02-08.43.25:644][  0]LogConfig: Setting CVar [[r.LightMaxDrawDistanceScale:1]]
[2020.08.02-08.43.25:644][  0]LogConfig: Setting CVar [[r.CapsuleShadows:1]]
[2020.08.02-08.43.25:644][  0]LogConfig: Applying CVar settings from Section [PostProcessQuality@3] File [C:/Users/walid/Desktop/AI_Using_BP/Saved/Config/Windows/Scalability.ini]
[2020.08.02-08.43.25:644][  0]LogConfig: Setting CVar [[r.MotionBlurQuality:4]]
[2020.08.02-08.43.25:644][  0]LogConfig: Setting CVar [[r.AmbientOcclusionMipLevelFactor:0.4]]
[2020.08.02-08.43.25:644][  0]LogConfig: Setting CVar [[r.AmbientOcclusionMaxQuality:100]]
[2020.08.02-08.43.25:644][  0]LogConfig: Setting CVar [[r.AmbientOcclusionLevels:-1]]
[2020.08.02-08.43.25:644][  0]LogConfig: Setting CVar [[r.AmbientOcclusionRadiusScale:1.0]]
[2020.08.02-08.43.25:644][  0]LogConfig: Setting CVar [[r.DepthOfFieldQuality:2]]
[2020.08.02-08.43.25:644][  0]LogConfig: Setting CVar [[r.RenderTargetPoolMin:400]]
[2020.08.02-08.43.25:644][  0]LogConfig: Setting CVar [[r.LensFlareQuality:2]]
[2020.08.02-08.43.25:644][  0]LogConfig: Setting CVar [[r.SceneColorFringeQuality:1]]
[2020.08.02-08.43.25:645][  0]LogConfig: Setting CVar [[r.EyeAdaptationQuality:2]]
[2020.08.02-08.43.25:645][  0]LogConfig: Setting CVar [[r.BloomQuality:5]]
[2020.08.02-08.43.25:645][  0]LogConfig: Setting CVar [[r.FastBlurThreshold:100]]
[2020.08.02-08.43.25:645][  0]LogConfig: Setting CVar [[r.Upscale.Quality:3]]
[2020.08.02-08.43.25:645][  0]LogConfig: Setting CVar [[r.Tonemapper.GrainQuantization:1]]
[2020.08.02-08.43.25:645][  0]LogConfig: Setting CVar [[r.LightShaftQuality:1]]
[2020.08.02-08.43.25:645][  0]LogConfig: Setting CVar [[r.Filter.SizeScale:1]]
[2020.08.02-08.43.25:645][  0]LogConfig: Setting CVar [[r.Tonemapper.Quality:5]]
[2020.08.02-08.43.25:645][  0]LogConfig: Setting CVar [[r.DOF.Gather.AccumulatorQuality:1        ; higher gathering accumulator quality]]
[2020.08.02-08.43.25:645][  0]LogConfig: Setting CVar [[r.DOF.Gather.PostfilterMethod:1          ; Median3x3 postfilering method]]
[2020.08.02-08.43.25:645][  0]LogConfig: Setting CVar [[r.DOF.Gather.EnableBokehSettings:0       ; no bokeh simulation when gathering]]
[2020.08.02-08.43.25:645][  0]LogConfig: Setting CVar [[r.DOF.Gather.RingCount:4                 ; medium number of samples when gathering]]
[2020.08.02-08.43.25:645][  0]LogConfig: Setting CVar [[r.DOF.Scatter.ForegroundCompositing:1    ; additive foreground scattering]]
[2020.08.02-08.43.25:645][  0]LogConfig: Setting CVar [[r.DOF.Scatter.BackgroundCompositing:2    ; additive background scattering]]
[2020.08.02-08.43.25:645][  0]LogConfig: Setting CVar [[r.DOF.Scatter.EnableBokehSettings:1      ; bokeh simulation when scattering]]
[2020.08.02-08.43.25:645][  0]LogConfig: Setting CVar [[r.DOF.Scatter.MaxSpriteRatio:0.1         ; only a maximum of 10% of scattered bokeh]]
[2020.08.02-08.43.25:645][  0]LogConfig: Setting CVar [[r.DOF.Recombine.Quality:1                ; cheap slight out of focus]]
[2020.08.02-08.43.25:645][  0]LogConfig: Setting CVar [[r.DOF.Recombine.EnableBokehSettings:0    ; no bokeh simulation on slight out of focus]]
[2020.08.02-08.43.25:645][  0]LogConfig: Setting CVar [[r.DOF.TemporalAAQuality:1                ; more stable temporal accumulation]]
[2020.08.02-08.43.25:645][  0]LogConfig: Setting CVar [[r.DOF.Kernel.MaxForegroundRadius:0.025]]
[2020.08.02-08.43.25:645][  0]LogConfig: Setting CVar [[r.DOF.Kernel.MaxBackgroundRadius:0.025]]
[2020.08.02-08.43.25:645][  0]LogConfig: Applying CVar settings from Section [TextureQuality@3] File [C:/Users/walid/Desktop/AI_Using_BP/Saved/Config/Windows/Scalability.ini]
[2020.08.02-08.43.25:645][  0]LogConfig: Setting CVar [[r.Streaming.MipBias:0]]
[2020.08.02-08.43.25:645][  0]LogConfig: Setting CVar [[r.Streaming.AmortizeCPUToGPUCopy:0]]
[2020.08.02-08.43.25:645][  0]LogConfig: Setting CVar [[r.Streaming.MaxNumTexturesToStreamPerFrame:0]]
[2020.08.02-08.43.25:646][  0]LogConfig: Setting CVar [[r.Streaming.Boost:1]]
[2020.08.02-08.43.25:646][  0]LogConfig: Setting CVar [[r.MaxAnisotropy:8]]
[2020.08.02-08.43.25:646][  0]LogConfig: Setting CVar [[r.VT.MaxAnisotropy:8]]
[2020.08.02-08.43.25:646][  0]LogConfig: Setting CVar [[r.Streaming.LimitPoolSizeToVRAM:0]]
[2020.08.02-08.43.25:646][  0]LogConfig: Setting CVar [[r.Streaming.PoolSize:1000]]
[2020.08.02-08.43.25:646][  0]LogConfig: Setting CVar [[r.Streaming.MaxEffectiveScreenSize:0]]
[2020.08.02-08.43.25:646][  0]LogConfig: Applying CVar settings from Section [EffectsQuality@3] File [C:/Users/walid/Desktop/AI_Using_BP/Saved/Config/Windows/Scalability.ini]
[2020.08.02-08.43.25:646][  0]LogConfig: Setting CVar [[r.TranslucencyLightingVolumeDim:64]]
[2020.08.02-08.43.25:646][  0]LogConfig: Setting CVar [[r.RefractionQuality:2]]
[2020.08.02-08.43.25:646][  0]LogConfig: Setting CVar [[r.SSR.Quality:3]]
[2020.08.02-08.43.25:646][  0]LogConfig: Setting CVar [[r.SSR.HalfResSceneColor:0]]
[2020.08.02-08.43.25:646][  0]LogConfig: Setting CVar [[r.SceneColorFormat:4]]
[2020.08.02-08.43.25:646][  0]LogConfig: Setting CVar [[r.DetailMode:2]]
[2020.08.02-08.43.25:646][  0]LogConfig: Setting CVar [[r.TranslucencyVolumeBlur:1]]
[2020.08.02-08.43.25:646][  0]LogConfig: Setting CVar [[r.MaterialQualityLevel:1 ; High quality]]
[2020.08.02-08.43.25:646][  0]LogConfig: Setting CVar [[r.SSS.Scale:1]]
[2020.08.02-08.43.25:646][  0]LogConfig: Setting CVar [[r.SSS.SampleSet:2]]
[2020.08.02-08.43.25:646][  0]LogConfig: Setting CVar [[r.SSS.Quality:1]]
[2020.08.02-08.43.25:646][  0]LogConfig: Setting CVar [[r.SSS.HalfRes:1]]
[2020.08.02-08.43.25:646][  0]LogConfig: Setting CVar [[r.SSGI.Quality:3]]
[2020.08.02-08.43.25:646][  0]LogConfig: Setting CVar [[r.EmitterSpawnRateScale:1.0]]
[2020.08.02-08.43.25:646][  0]LogConfig: Setting CVar [[r.ParticleLightQuality:2]]
[2020.08.02-08.43.25:646][  0]LogConfig: Setting CVar [[r.SkyAtmosphere.AerialPerspectiveLUT.FastApplyOnOpaque:1 ; Always have FastSkyLUT 1 in this case to avoid wrong sky]]
[2020.08.02-08.43.25:646][  0]LogConfig: Setting CVar [[r.SkyAtmosphere.AerialPerspectiveLUT.SampleCountPerSlice:1]]
[2020.08.02-08.43.25:646][  0]LogConfig: Setting CVar [[r.SkyAtmosphere.AerialPerspectiveLUT.DepthResolution:16.0]]
[2020.08.02-08.43.25:646][  0]LogConfig: Setting CVar [[r.SkyAtmosphere.FastSkyLUT:1]]
[2020.08.02-08.43.25:646][  0]LogConfig: Setting CVar [[r.SkyAtmosphere.FastSkyLUT.SampleCountMin:4.0]]
[2020.08.02-08.43.25:647][  0]LogConfig: Setting CVar [[r.SkyAtmosphere.FastSkyLUT.SampleCountMax:32.0]]
[2020.08.02-08.43.25:647][  0]LogConfig: Setting CVar [[r.SkyAtmosphere.SampleCountMin:4.0]]
[2020.08.02-08.43.25:647][  0]LogConfig: Setting CVar [[r.SkyAtmosphere.SampleCountMax:32.0]]
[2020.08.02-08.43.25:647][  0]LogConfig: Setting CVar [[r.SkyAtmosphere.TransmittanceLUT.UseSmallFormat:0]]
[2020.08.02-08.43.25:647][  0]LogConfig: Setting CVar [[r.SkyAtmosphere.TransmittanceLUT.SampleCount:10.0]]
[2020.08.02-08.43.25:647][  0]LogConfig: Setting CVar [[r.SkyAtmosphere.MultiScatteringLUT.SampleCount:15.0]]
[2020.08.02-08.43.25:647][  0]LogConfig: Applying CVar settings from Section [FoliageQuality@3] File [C:/Users/walid/Desktop/AI_Using_BP/Saved/Config/Windows/Scalability.ini]
[2020.08.02-08.43.25:647][  0]LogConfig: Setting CVar [[foliage.DensityScale:1.0]]
[2020.08.02-08.43.25:647][  0]LogConfig: Setting CVar [[grass.DensityScale:1.0]]
[2020.08.02-08.43.25:647][  0]LogConfig: Applying CVar settings from Section [ShadingQuality@3] File [C:/Users/walid/Desktop/AI_Using_BP/Saved/Config/Windows/Scalability.ini]
[2020.08.02-08.43.25:647][  0]LogConfig: Setting CVar [[r.HairStrands.SkyLighting.SampleCount:16]]
[2020.08.02-08.43.25:647][  0]LogConfig: Setting CVar [[r.HairStrands.SkyLighting.JitterIntegration:0]]
[2020.08.02-08.43.25:647][  0]LogConfig: Setting CVar [[r.HairStrands.SkyAO.SampleCount:16]]
[2020.08.02-08.43.25:691][  0]LogInit: Selected Device Profile: [Windows]
[2020.08.02-08.43.25:691][  0]LogInit: Applying CVar settings loaded from the selected device profile: [Windows]
[2020.08.02-08.43.25:871][  0]LogHAL: Display: Platform has ~ 8 GB [8529547264 / 8589934592 / 8], which maps to Default [LargestMinGB=32, LargerMinGB=12, DefaultMinGB=8, SmallerMinGB=6, SmallestMinGB=0)
[2020.08.02-08.43.25:871][  0]LogInit: Going up to parent DeviceProfile []
[2020.08.02-08.43.25:872][  0]LogConfig: Applying CVar settings from Section [ViewDistanceQuality@2] File [C:/Users/walid/Desktop/AI_Using_BP/Saved/Config/Windows/Scalability.ini]
[2020.08.02-08.43.25:872][  0]LogConfig: Setting CVar [[r.SkeletalMeshLODBias:0]]
[2020.08.02-08.43.25:872][  0]LogConfig: Setting CVar [[r.ViewDistanceScale:0.8]]
[2020.08.02-08.43.25:872][  0]LogConfig: Applying CVar settings from Section [AntiAliasingQuality@2] File [C:/Users/walid/Desktop/AI_Using_BP/Saved/Config/Windows/Scalability.ini]
[2020.08.02-08.43.25:872][  0]LogConfig: Setting CVar [[r.PostProcessAAQuality:3]]
[2020.08.02-08.43.25:872][  0]LogConfig: Applying CVar settings from Section [ShadowQuality@2] File [C:/Users/walid/Desktop/AI_Using_BP/Saved/Config/Windows/Scalability.ini]
[2020.08.02-08.43.25:872][  0]LogConfig: Setting CVar [[r.LightFunctionQuality:1]]
[2020.08.02-08.43.25:872][  0]LogConfig: Setting CVar [[r.ShadowQuality:5]]
[2020.08.02-08.43.25:872][  0]LogConfig: Setting CVar [[r.Shadow.CSM.MaxCascades:4]]
[2020.08.02-08.43.25:872][  0]LogConfig: Setting CVar [[r.Shadow.MaxResolution:1024]]
[2020.08.02-08.43.25:872][  0]LogConfig: Setting CVar [[r.Shadow.MaxCSMResolution:2048]]
[2020.08.02-08.43.25:872][  0]LogConfig: Setting CVar [[r.Shadow.RadiusThreshold:0.04]]
[2020.08.02-08.43.25:872][  0]LogConfig: Setting CVar [[r.Shadow.DistanceScale:0.85]]
[2020.08.02-08.43.25:872][  0]LogConfig: Setting CVar [[r.Shadow.CSM.TransitionScale:0.8]]
[2020.08.02-08.43.25:873][  0]LogConfig: Setting CVar [[r.Shadow.PreShadowResolutionFactor:0.5]]
[2020.08.02-08.43.25:873][  0]LogConfig: Setting CVar [[r.DistanceFieldShadowing:1]]
[2020.08.02-08.43.25:873][  0]LogConfig: Setting CVar [[r.DistanceFieldAO:1]]
[2020.08.02-08.43.25:873][  0]LogConfig: Setting CVar [[r.AOQuality:1]]
[2020.08.02-08.43.25:873][  0]LogConfig: Setting CVar [[r.VolumetricFog:1]]
[2020.08.02-08.43.25:873][  0]LogConfig: Setting CVar [[r.VolumetricFog.GridPixelSize:16]]
[2020.08.02-08.43.25:873][  0]LogConfig: Setting CVar [[r.VolumetricFog.GridSizeZ:64]]
[2020.08.02-08.43.25:873][  0]LogConfig: Setting CVar [[r.VolumetricFog.HistoryMissSupersampleCount:4]]
[2020.08.02-08.43.25:873][  0]LogConfig: Setting CVar [[r.LightMaxDrawDistanceScale:1]]
[2020.08.02-08.43.25:873][  0]LogConfig: Setting CVar [[r.CapsuleShadows:1]]
[2020.08.02-08.43.25:873][  0]LogConfig: Applying CVar settings from Section [PostProcessQuality@2] File [C:/Users/walid/Desktop/AI_Using_BP/Saved/Config/Windows/Scalability.ini]
[2020.08.02-08.43.25:873][  0]LogConfig: Setting CVar [[r.MotionBlurQuality:3]]
[2020.08.02-08.43.25:873][  0]LogConfig: Setting CVar [[r.AmbientOcclusionMipLevelFactor:0.6]]
[2020.08.02-08.43.25:873][  0]LogConfig: Setting CVar [[r.AmbientOcclusionMaxQuality:100]]
[2020.08.02-08.43.25:873][  0]LogConfig: Setting CVar [[r.AmbientOcclusionLevels:-1]]
[2020.08.02-08.43.25:874][  0]LogConfig: Setting CVar [[r.AmbientOcclusionRadiusScale:1.5]]
[2020.08.02-08.43.25:874][  0]LogConfig: Setting CVar [[r.DepthOfFieldQuality:2]]
[2020.08.02-08.43.25:874][  0]LogConfig: Setting CVar [[r.RenderTargetPoolMin:400]]
[2020.08.02-08.43.25:874][  0]LogConfig: Setting CVar [[r.LensFlareQuality:2]]
[2020.08.02-08.43.25:874][  0]LogConfig: Setting CVar [[r.SceneColorFringeQuality:1]]
[2020.08.02-08.43.25:874][  0]LogConfig: Setting CVar [[r.EyeAdaptationQuality:2]]
[2020.08.02-08.43.25:874][  0]LogConfig: Setting CVar [[r.BloomQuality:5]]
[2020.08.02-08.43.25:874][  0]LogConfig: Setting CVar [[r.FastBlurThreshold:3]]
[2020.08.02-08.43.25:874][  0]LogConfig: Setting CVar [[r.Upscale.Quality:2]]
[2020.08.02-08.43.25:874][  0]LogConfig: Setting CVar [[r.Tonemapper.GrainQuantization:1]]
[2020.08.02-08.43.25:874][  0]LogConfig: Setting CVar [[r.LightShaftQuality:1]]
[2020.08.02-08.43.25:874][  0]LogConfig: Setting CVar [[r.Filter.SizeScale:0.8]]
[2020.08.02-08.43.25:874][  0]LogConfig: Setting CVar [[r.Tonemapper.Quality:5]]
[2020.08.02-08.43.25:874][  0]LogConfig: Setting CVar [[r.DOF.Gather.AccumulatorQuality:0        ; lower gathering accumulator quality]]
[2020.08.02-08.43.25:874][  0]LogConfig: Setting CVar [[r.DOF.Gather.PostfilterMethod:2          ; Max3x3 postfilering method]]
[2020.08.02-08.43.25:875][  0]LogConfig: Setting CVar [[r.DOF.Gather.EnableBokehSettings:0       ; no bokeh simulation when gathering]]
[2020.08.02-08.43.25:875][  0]LogConfig: Setting CVar [[r.DOF.Gather.RingCount:4                 ; medium number of samples when gathering]]
[2020.08.02-08.43.25:875][  0]LogConfig: Setting CVar [[r.DOF.Scatter.ForegroundCompositing:1    ; additive foreground scattering]]
[2020.08.02-08.43.25:875][  0]LogConfig: Setting CVar [[r.DOF.Scatter.BackgroundCompositing:1    ; no background occlusion]]
[2020.08.02-08.43.25:875][  0]LogConfig: Setting CVar [[r.DOF.Scatter.EnableBokehSettings:0      ; no bokeh simulation when scattering]]
[2020.08.02-08.43.25:875][  0]LogConfig: Setting CVar [[r.DOF.Scatter.MaxSpriteRatio:0.04        ; only a maximum of 4% of scattered bokeh]]
[2020.08.02-08.43.25:875][  0]LogConfig: Setting CVar [[r.DOF.Recombine.Quality:0                ; no slight out of focus]]
[2020.08.02-08.43.25:875][  0]LogConfig: Setting CVar [[r.DOF.TemporalAAQuality:0                ; faster temporal accumulation]]
[2020.08.02-08.43.25:875][  0]LogConfig: Setting CVar [[r.DOF.Kernel.MaxForegroundRadius:0.012   ; required because of AccumulatorQuality=0]]
[2020.08.02-08.43.25:875][  0]LogConfig: Setting CVar [[r.DOF.Kernel.MaxBackgroundRadius:0.012   ; required because of AccumulatorQuality=0]]
[2020.08.02-08.43.25:875][  0]LogConfig: Applying CVar settings from Section [TextureQuality@2] File [C:/Users/walid/Desktop/AI_Using_BP/Saved/Config/Windows/Scalability.ini]
[2020.08.02-08.43.25:875][  0]LogConfig: Setting CVar [[r.Streaming.MipBias:0]]
[2020.08.02-08.43.25:875][  0]LogConfig: Setting CVar [[r.Streaming.AmortizeCPUToGPUCopy:0]]
[2020.08.02-08.43.25:875][  0]LogConfig: Setting CVar [[r.Streaming.MaxNumTexturesToStreamPerFrame:0]]
[2020.08.02-08.43.25:875][  0]LogConfig: Setting CVar [[r.Streaming.Boost:1]]
[2020.08.02-08.43.25:876][  0]LogConfig: Setting CVar [[r.MaxAnisotropy:4]]
[2020.08.02-08.43.25:876][  0]LogConfig: Setting CVar [[r.VT.MaxAnisotropy:8]]
[2020.08.02-08.43.25:876][  0]LogConfig: Setting CVar [[r.Streaming.LimitPoolSizeToVRAM:1]]
[2020.08.02-08.43.25:876][  0]LogConfig: Setting CVar [[r.Streaming.PoolSize:800]]
[2020.08.02-08.43.25:876][  0]LogConfig: Setting CVar [[r.Streaming.MaxEffectiveScreenSize:0]]
[2020.08.02-08.43.25:876][  0]LogConfig: Applying CVar settings from Section [EffectsQuality@2] File [C:/Users/walid/Desktop/AI_Using_BP/Saved/Config/Windows/Scalability.ini]
[2020.08.02-08.43.25:876][  0]LogConfig: Setting CVar [[r.TranslucencyLightingVolumeDim:48]]
[2020.08.02-08.43.25:876][  0]LogConfig: Setting CVar [[r.RefractionQuality:2]]
[2020.08.02-08.43.25:876][  0]LogConfig: Setting CVar [[r.SSR.Quality:2]]
[2020.08.02-08.43.25:876][  0]LogConfig: Setting CVar [[r.SSR.HalfResSceneColor:1]]
[2020.08.02-08.43.25:876][  0]LogConfig: Setting CVar [[r.SceneColorFormat:3]]
[2020.08.02-08.43.25:876][  0]LogConfig: Setting CVar [[r.DetailMode:1]]
[2020.08.02-08.43.25:876][  0]LogConfig: Setting CVar [[r.TranslucencyVolumeBlur:1]]
[2020.08.02-08.43.25:876][  0]LogConfig: Setting CVar [[r.MaterialQualityLevel:1 ; High quality]]
[2020.08.02-08.43.25:876][  0]LogConfig: Setting CVar [[r.SSS.Scale:1]]
[2020.08.02-08.43.25:877][  0]LogConfig: Setting CVar [[r.SSS.SampleSet:1]]
[2020.08.02-08.43.25:877][  0]LogConfig: Setting CVar [[r.SSS.Quality:-1]]
[2020.08.02-08.43.25:877][  0]LogConfig: Setting CVar [[r.SSS.HalfRes:1]]
[2020.08.02-08.43.25:877][  0]LogConfig: Setting CVar [[r.SSGI.Quality:2]]
[2020.08.02-08.43.25:877][  0]LogConfig: Setting CVar [[r.EmitterSpawnRateScale:0.5]]
[2020.08.02-08.43.25:877][  0]LogConfig: Setting CVar [[r.ParticleLightQuality:1]]
[2020.08.02-08.43.25:877][  0]LogConfig: Setting CVar [[r.SkyAtmosphere.AerialPerspectiveLUT.FastApplyOnOpaque:1 ; Always have FastSkyLUT 1 in this case to avoid wrong sky]]
[2020.08.02-08.43.25:877][  0]LogConfig: Setting CVar [[r.SkyAtmosphere.AerialPerspectiveLUT.SampleCountPerSlice:1]]
[2020.08.02-08.43.25:877][  0]LogConfig: Setting CVar [[r.SkyAtmosphere.AerialPerspectiveLUT.DepthResolution:16.0]]
[2020.08.02-08.43.25:877][  0]LogConfig: Setting CVar [[r.SkyAtmosphere.FastSkyLUT:1]]
[2020.08.02-08.43.25:877][  0]LogConfig: Setting CVar [[r.SkyAtmosphere.FastSkyLUT.SampleCountMin:4.0]]
[2020.08.02-08.43.25:877][  0]LogConfig: Setting CVar [[r.SkyAtmosphere.FastSkyLUT.SampleCountMax:32.0]]
[2020.08.02-08.43.25:877][  0]LogConfig: Setting CVar [[r.SkyAtmosphere.SampleCountMin:4.0]]
[2020.08.02-08.43.25:877][  0]LogConfig: Setting CVar [[r.SkyAtmosphere.SampleCountMax:32.0]]
[2020.08.02-08.43.25:877][  0]LogConfig: Setting CVar [[r.SkyAtmosphere.TransmittanceLUT.UseSmallFormat:0]]
[2020.08.02-08.43.25:878][  0]LogConfig: Setting CVar [[r.SkyAtmosphere.TransmittanceLUT.SampleCount:10.0]]
[2020.08.02-08.43.25:878][  0]LogConfig: Setting CVar [[r.SkyAtmosphere.MultiScatteringLUT.SampleCount:15.0]]
[2020.08.02-08.43.25:878][  0]LogConfig: Applying CVar settings from Section [FoliageQuality@3] File [C:/Users/walid/Desktop/AI_Using_BP/Saved/Config/Windows/Scalability.ini]
[2020.08.02-08.43.25:878][  0]LogConfig: Setting CVar [[foliage.DensityScale:1.0]]
[2020.08.02-08.43.25:878][  0]LogConfig: Setting CVar [[grass.DensityScale:1.0]]
[2020.08.02-08.43.25:878][  0]LogConfig: Applying CVar settings from Section [ShadingQuality@3] File [C:/Users/walid/Desktop/AI_Using_BP/Saved/Config/Windows/Scalability.ini]
[2020.08.02-08.43.25:878][  0]LogConfig: Setting CVar [[r.HairStrands.SkyLighting.SampleCount:16]]
[2020.08.02-08.43.25:878][  0]LogConfig: Setting CVar [[r.HairStrands.SkyLighting.JitterIntegration:0]]
[2020.08.02-08.43.25:878][  0]LogConfig: Setting CVar [[r.HairStrands.SkyAO.SampleCount:16]]
[2020.08.02-08.43.25:878][  0]LogConfig: Applying CVar settings from Section [Startup] File [../../../Engine/Config/ConsoleVariables.ini]
[2020.08.02-08.43.25:921][  0]LogConfig: Setting CVar [[net.UseAdaptiveNetUpdateFrequency:0]]
[2020.08.02-08.43.25:921][  0]LogConfig: Setting CVar [[p.chaos.AllowCreatePhysxBodies:1]]
[2020.08.02-08.43.25:921][  0]LogConfig: Applying CVar settings from Section [ConsoleVariables] File [C:/Users/walid/Desktop/AI_Using_BP/Saved/Config/Windows/Engine.ini]
[2020.08.02-08.43.25:967][  0]LogInit: Computer: MSI
[2020.08.02-08.43.25:967][  0]LogInit: User: walid
[2020.08.02-08.43.25:967][  0]LogInit: CPU Page size=4096, Cores=4
[2020.08.02-08.43.25:967][  0]LogInit: High frequency timer resolution =10.000000 MHz
[2020.08.02-08.43.25:968][  0]LogMemory: Memory total: Physical=7.9GB (8GB approx)
[2020.08.02-08.43.25:972][  0]LogMemory: Platform Memory Stats for Windows
[2020.08.02-08.43.25:972][  0]LogMemory: Process Physical Memory: 105.39 MB used, 105.40 MB peak
[2020.08.02-08.43.25:972][  0]LogMemory: Process Virtual Memory: 100.16 MB used, 100.17 MB peak
[2020.08.02-08.43.25:972][  0]LogMemory: Physical Memory: 5649.46 MB used,  2484.95 MB free, 8134.41 MB total
[2020.08.02-08.43.25:972][  0]LogMemory: Virtual Memory: 5087.86 MB used,  134212640.00 MB free, 134217728.00 MB total
[2020.08.02-08.43.26:010][  0]LogWindows: WindowsPlatformFeatures enabled
[2020.08.02-08.43.26:726][  0]LogInit: Using OS detected language (fr-FR).
[2020.08.02-08.43.26:726][  0]LogInit: Using OS detected locale (fr-FR).
[2020.08.02-08.43.26:789][  0]LogTextLocalizationManager: No specific localization for 'fr-FR' exists, so the 'fr' localization will be used.
[2020.08.02-08.43.26:791][  0]LogTextLocalizationResource: LocRes '../../../Engine/Content/Localization/Editor/fr/Editor.locres' could not be opened for reading!
[2020.08.02-08.43.26:792][  0]LogTextLocalizationResource: LocRes '../../../Engine/Content/Localization/EditorTutorials/fr/EditorTutorials.locres' could not be opened for reading!
[2020.08.02-08.43.26:794][  0]LogTextLocalizationResource: LocRes '../../../Engine/Content/Localization/Keywords/fr/Keywords.locres' could not be opened for reading!
[2020.08.02-08.43.26:795][  0]LogTextLocalizationResource: LocRes '../../../Engine/Content/Localization/Category/fr/Category.locres' could not be opened for reading!
[2020.08.02-08.43.26:819][  0]LogTextLocalizationResource: LocRes '../../../Engine/Content/Localization/ToolTips/fr/ToolTips.locres' could not be opened for reading!
[2020.08.02-08.43.26:830][  0]LogTextLocalizationResource: LocRes '../../../Engine/Content/Localization/PropertyNames/fr/PropertyNames.locres' could not be opened for reading!
[2020.08.02-08.43.26:831][  0]LogTextLocalizationResource: LocRes '../../../Engine/Content/Localization/Engine/fr/Engine.locres' could not be opened for reading!
[2020.08.02-08.43.27:028][  0]LogInit: Setting process to per monitor DPI aware
[2020.08.02-08.43.27:873][  0]LogSlate: New Slate User Created.  User Index 0, Is Virtual User: 0
[2020.08.02-08.43.27:873][  0]LogSlate: Slate User Registered.  User Index 0, Is Virtual User: 0
[2020.08.02-08.43.33:813][  0]LogHMD: Failed to initialize OpenVR with code 110
[2020.08.02-08.43.33:813][  0]LogD3D11RHI: D3D11 min allowed feature level: 11_0
[2020.08.02-08.43.33:814][  0]LogD3D11RHI: D3D11 max allowed feature level: 11_0
[2020.08.02-08.43.33:814][  0]LogD3D11RHI: D3D11 adapters:
[2020.08.02-08.43.33:998][  0]LogD3D11RHI:    0. 'NVIDIA GeForce GTX 760' (Feature Level 11_0)
[2020.08.02-08.43.33:998][  0]LogD3D11RHI:       2007/0/4067 MB DedicatedVideo/DedicatedSystem/SharedSystem, Outputs:1, VendorId:0x10de
[2020.08.02-08.43.34:002][  0]LogD3D11RHI:    1. 'Microsoft Basic Render Driver' (Feature Level 11_0)
[2020.08.02-08.43.34:002][  0]LogD3D11RHI:       0/0/4067 MB DedicatedVideo/DedicatedSystem/SharedSystem, Outputs:0, VendorId:0x1414
[2020.08.02-08.43.34:002][  0]LogD3D11RHI: Chosen D3D11 Adapter: 0
[2020.08.02-08.43.34:072][  0]LogD3D11RHI: Creating new Direct3DDevice
[2020.08.02-08.43.34:072][  0]LogD3D11RHI:     GPU DeviceId: 0x1187 (for the marketing name, search the web for "GPU Device Id")
[2020.08.02-08.43.34:072][  0]LogWindows: EnumDisplayDevices:
[2020.08.02-08.43.34:073][  0]LogWindows:    0. 'NVIDIA GeForce GTX 760' (P:1 D:1)
[2020.08.02-08.43.34:073][  0]LogWindows:    1. 'NVIDIA GeForce GTX 760' (P:0 D:0)
[2020.08.02-08.43.34:074][  0]LogWindows:    2. 'NVIDIA GeForce GTX 760' (P:0 D:0)
[2020.08.02-08.43.34:075][  0]LogWindows:    3. 'NVIDIA GeForce GTX 760' (P:0 D:0)
[2020.08.02-08.43.34:075][  0]LogWindows: DebugString: FoundDriverCount:4 
[2020.08.02-08.43.34:075][  0]LogD3D11RHI:     Adapter Name: NVIDIA GeForce GTX 760
[2020.08.02-08.43.34:076][  0]LogD3D11RHI:   Driver Version: 432.00 (internal:26.21.14.3200, unified:432.00)
[2020.08.02-08.43.34:076][  0]LogD3D11RHI:      Driver Date: 7-24-2019
[2020.08.02-08.43.34:076][  0]LogRHI: Texture pool is 1405 MB (70% of 2007 MB)
[2020.08.02-08.43.34:193][  0]LogD3D11RHI: RHI does not have support for 64 bit atomics
[2020.08.02-08.43.34:194][  0]LogD3D11RHI: Async texture creation enabled
[2020.08.02-08.43.34:665][  0]LogD3D11RHI: GPU Timing Frequency: 1000.000000 (Debug: 2 1)
[2020.08.02-08.43.35:969][  0]LogTargetPlatformManager: Display: Loaded TargetPlatform 'AllDesktop'
[2020.08.02-08.43.36:296][  0]LogTargetPlatformManager: Display: Loaded TargetPlatform 'Android'
[2020.08.02-08.43.36:297][  0]LogTargetPlatformManager: Display: Loaded TargetPlatform 'Android_ASTC'
[2020.08.02-08.43.36:297][  0]LogTargetPlatformManager: Display: Loaded TargetPlatform 'Android_ATC'
[2020.08.02-08.43.36:297][  0]LogTargetPlatformManager: Display: Loaded TargetPlatform 'Android_DXT'
[2020.08.02-08.43.36:297][  0]LogTargetPlatformManager: Display: Loaded TargetPlatform 'Android_ETC1'
[2020.08.02-08.43.36:297][  0]LogTargetPlatformManager: Display: Loaded TargetPlatform 'Android_ETC1a'
[2020.08.02-08.43.36:297][  0]LogTargetPlatformManager: Display: Loaded TargetPlatform 'Android_ETC2'
[2020.08.02-08.43.36:297][  0]LogTargetPlatformManager: Display: Loaded TargetPlatform 'Android_PVRTC'
[2020.08.02-08.43.36:298][  0]LogTargetPlatformManager: Display: Loaded TargetPlatform 'AndroidClient'
[2020.08.02-08.43.36:298][  0]LogTargetPlatformManager: Display: Loaded TargetPlatform 'Android_ASTCClient'
[2020.08.02-08.43.36:298][  0]LogTargetPlatformManager: Display: Loaded TargetPlatform 'Android_ATCClient'
[2020.08.02-08.43.36:298][  0]LogTargetPlatformManager: Display: Loaded TargetPlatform 'Android_DXTClient'
[2020.08.02-08.43.36:298][  0]LogTargetPlatformManager: Display: Loaded TargetPlatform 'Android_ETC1Client'
[2020.08.02-08.43.36:298][  0]LogTargetPlatformManager: Display: Loaded TargetPlatform 'Android_ETC1aClient'
[2020.08.02-08.43.36:298][  0]LogTargetPlatformManager: Display: Loaded TargetPlatform 'Android_ETC2Client'
[2020.08.02-08.43.36:299][  0]LogTargetPlatformManager: Display: Loaded TargetPlatform 'Android_PVRTCClient'
[2020.08.02-08.43.36:299][  0]LogTargetPlatformManager: Display: Loaded TargetPlatform 'Android_Multi'
[2020.08.02-08.43.36:299][  0]LogTargetPlatformManager: Display: Loaded TargetPlatform 'Android_MultiClient'
[2020.08.02-08.43.36:592][  0]LogTargetPlatformManager: Display: Loaded TargetPlatform 'IOSClient'
[2020.08.02-08.43.36:593][  0]LogTargetPlatformManager: Display: Loaded TargetPlatform 'IOS'
[2020.08.02-08.43.36:709][  0]LogTargetPlatformManager: Display: Loaded TargetPlatform 'LinuxNoEditor'
[2020.08.02-08.43.36:740][  0]LogTargetPlatformManager: Display: Loaded TargetPlatform 'LinuxClient'
[2020.08.02-08.43.36:801][  0]LogTargetPlatformManager: Display: Loaded TargetPlatform 'LinuxServer'
[2020.08.02-08.43.36:864][  0]LogTargetPlatformManager: Display: Loaded TargetPlatform 'LinuxAArch64NoEditor'
[2020.08.02-08.43.36:939][  0]LogTargetPlatformManager: Display: Loaded TargetPlatform 'LinuxAArch64Client'
[2020.08.02-08.43.36:991][  0]LogTargetPlatformManager: Display: Loaded TargetPlatform 'LinuxAArch64Server'
[2020.08.02-08.43.37:066][  0]LogTargetPlatformManager: Display: Loaded TargetPlatform 'Lumin'
[2020.08.02-08.43.37:066][  0]LogTargetPlatformManager: Display: Loaded TargetPlatform 'LuminClient'
[2020.08.02-08.43.37:112][  0]LogTargetPlatformManager: Display: Loaded TargetPlatform 'TVOSClient'
[2020.08.02-08.43.37:112][  0]LogTargetPlatformManager: Display: Loaded TargetPlatform 'TVOS'
[2020.08.02-08.43.37:195][  0]LogTargetPlatformManager: Display: Loaded TargetPlatform 'WindowsNoEditor'
[2020.08.02-08.43.37:243][  0]LogTargetPlatformManager: Display: Loaded TargetPlatform 'Windows'
[2020.08.02-08.43.37:269][  0]LogTargetPlatformManager: Display: Loaded TargetPlatform 'WindowsClient'
[2020.08.02-08.43.37:300][  0]LogTargetPlatformManager: Display: Loaded TargetPlatform 'WindowsServer'
[2020.08.02-08.43.37:300][  0]LogTargetPlatformManager: Display: Building Assets For Windows
[2020.08.02-08.43.37:519][  0]LogAudioDebug: Display: Lib vorbis DLL was dynamically loaded.
[2020.08.02-08.43.38:363][  0]LogShaderCompilers: Guid format shader working directory is 0 characters bigger than the processId version (../../../../../Users/walid/Desktop/AI_Using_BP/Intermediate/Shaders/WorkingDirectory/9260/).
[2020.08.02-08.43.38:364][  0]LogShaderCompilers: Cleaned the shader compiler working directory 'C:/Users/walid/AppData/Local/Temp/UnrealShaderWorkingDir/4B5AB7284046FC0479E7AD9DBA24C9DB/'.
[2020.08.02-08.43.38:403][  0]LogXGEController: Cleaning working directory: C:/Users/walid/AppData/Local/Temp/UnrealXGEWorkingDir/
[2020.08.02-08.43.38:405][  0]LogXGEController: Cannot use XGE Controller as Incredibuild is not installed on this machine.
[2020.08.02-08.43.38:406][  0]LogShaderCompilers: Cannot use XGE Shader Compiler as Incredibuild is not installed on this machine.
[2020.08.02-08.43.38:406][  0]LogShaderCompilers: Display: Using Local Shader Compiler.
[2020.08.02-08.43.46:182][  0]LogDerivedDataCache: Display: Max Cache Size: 512 MB
[2020.08.02-08.43.47:302][  0]LogDerivedDataCache: Loaded boot cache 1.10s 78MB C:/Users/walid/AppData/Local/UnrealEngine/4.24/DerivedDataCache/Boot.ddc.
[2020.08.02-08.43.47:302][  0]LogDerivedDataCache: Display: Loaded Boot cache: C:/Users/walid/AppData/Local/UnrealEngine/4.24/DerivedDataCache/Boot.ddc
[2020.08.02-08.43.47:302][  0]LogDerivedDataCache: FDerivedDataBackendGraph:  Pak pak cache file ../../../../../Users/walid/Desktop/AI_Using_BP/DerivedDataCache/DDC.ddp not found, will not use a pak cache.
[2020.08.02-08.43.47:302][  0]LogDerivedDataCache: Unable to find inner node Pak for hierarchical cache Hierarchy.
[2020.08.02-08.43.47:303][  0]LogDerivedDataCache: FDerivedDataBackendGraph:  CompressedPak pak cache file ../../../../../Users/walid/Desktop/AI_Using_BP/DerivedDataCache/Compressed.ddp not found, will not use a pak cache.
[2020.08.02-08.43.47:303][  0]LogDerivedDataCache: Unable to find inner node CompressedPak for hierarchical cache Hierarchy.
[2020.08.02-08.43.47:416][  0]LogDerivedDataCache: Display: Pak cache opened for reading ../../../Engine/DerivedDataCache/Compressed.ddp.
[2020.08.02-08.43.47:416][  0]LogDerivedDataCache: FDerivedDataBackendGraph:  EnterprisePak pak cache file ../../../Enterprise/DerivedDataCache/Compressed.ddp not found, will not use a pak cache.
[2020.08.02-08.43.47:416][  0]LogDerivedDataCache: Unable to find inner node EnterprisePak for hierarchical cache Hierarchy.
[2020.08.02-08.43.47:431][  0]LogDerivedDataCache: Using Local data cache path C:/Users/walid/AppData/Local/UnrealEngine/Common/DerivedDataCache: Writable
[2020.08.02-08.43.47:431][  0]LogDerivedDataCache: Shared data cache path not found in *engine.ini, will not use an Shared cache.
[2020.08.02-08.43.47:431][  0]LogDerivedDataCache: Unable to find inner node Shared for hierarchical cache Hierarchy.
[2020.08.02-08.43.47:563][  0]LogMaterial: Verifying Global Shaders for PCD3D_SM5
[2020.08.02-08.43.47:687][  0]LogSlate: Using FreeType 2.10.0
[2020.08.02-08.43.47:801][  0]LogSlate: SlateFontServices - WITH_FREETYPE: 1, WITH_HARFBUZZ: 1
[2020.08.02-08.43.50:870][  0]LogAssetRegistry: FAssetRegistry took 0.0082 seconds to start up
[2020.08.02-08.44.02:568][  0]LogInit: Selected Device Profile: [Windows]
[2020.08.02-08.44.06:876][  0]LogMeshReduction: Using QuadricMeshReduction for automatic static mesh reduction
[2020.08.02-08.44.06:876][  0]LogMeshReduction: Using SimplygonMeshReduction for automatic skeletal mesh reduction
[2020.08.02-08.44.06:876][  0]LogMeshReduction: Using ProxyLODMeshReduction for automatic mesh merging
[2020.08.02-08.44.06:877][  0]LogMeshReduction: No distributed automatic mesh merging module available
[2020.08.02-08.44.06:882][  0]LogMeshMerging: No distributed automatic mesh merging module available
[2020.08.02-08.44.08:314][  0]LogNetVersion: AI_Using_BP 1.0.0, NetCL: 10570792, EngineNetVer: 13, GameNetVer: 0 (Checksum: 3299779684)
[2020.08.02-08.44.52:060][  0]LogPackageLocalizationCache: Processed 10 localized package path(s) for 1 prioritized culture(s) in 0.106661 seconds
[2020.08.02-08.44.52:163][  0]LogUObjectArray: 46750 objects as part of root set at end of initial load.
[2020.08.02-08.44.52:164][  0]LogUObjectAllocator: 8137160 out of 0 bytes used by permanent object pool.
[2020.08.02-08.44.52:164][  0]LogUObjectArray: CloseDisregardForGC: 0/0 objects in disregard for GC pool
[2020.08.02-08.44.57:969][  0]LogTcpMessaging: Initializing TcpMessaging bridge
[2020.08.02-08.44.57:983][  0]LogUdpMessaging: Initializing bridge on interface 0.0.0.0:0 to multicast group 230.0.0.1:6666.
[2020.08.02-08.44.58:687][  0]SourceControl: Source control is disabled
[2020.08.02-08.44.58:699][  0]SourceControl: Source control is disabled
[2020.08.02-08.44.58:903][  0]SourceControl: Source control is disabled
[2020.08.02-08.44.58:972][  0]SourceControl: Source control is disabled
[2020.08.02-08.44.59:015][  0]SourceControl: Source control is disabled
[2020.08.02-08.45.00:873][  0]LogAndroidPermission: UAndroidPermissionCallbackProxy::GetInstance
[2020.08.02-08.45.00:945][  0]LogAudioCaptureCore: Display: No Audio Capture implementations found. Audio input will be silent.
[2020.08.02-08.45.00:945][  0]LogAudioCaptureCore: Display: No Audio Capture implementations found. Audio input will be silent.
[2020.08.02-08.45.01:818][  0]LogOcInput: OculusInput pre-init called
[2020.08.02-08.45.01:912][  0]LogWindows: Failed to load 'OVRPlugin.dll' (GetLastError=126)
[2020.08.02-08.45.01:912][  0]LogWindows: File 'OVRPlugin.dll' does not exist
[2020.08.02-08.45.03:851][  0]LogEngine: Initializing Engine...
[2020.08.02-08.45.04:152][  0]LogHMD: Failed to initialize OpenVR with code 110
[2020.08.02-08.45.04:228][  0]LogStats: UGameplayTagsManager::InitializeManager -  0.013 s
[2020.08.02-08.45.06:062][  0]LogInit: Initializing FReadOnlyCVARCache
[2020.08.02-08.45.06:496][  0]LogAIModule: Creating AISystem for world Untitled
[2020.08.02-08.45.06:581][  0]LogAudioMixer: Display: Audio Mixer Platform Settings:
[2020.08.02-08.45.06:581][  0]LogAudioMixer: Display: 	Sample Rate:						  48000
[2020.08.02-08.45.06:581][  0]LogAudioMixer: Display: 	Callback Buffer Frame Size Requested: 1024
[2020.08.02-08.45.06:581][  0]LogAudioMixer: Display: 	Callback Buffer Frame Size To Use:	  1024
[2020.08.02-08.45.06:581][  0]LogAudioMixer: Display: 	Number of buffers to queue:			  2
[2020.08.02-08.45.06:581][  0]LogAudioMixer: Display: 	Max Channels (voices):				  32
[2020.08.02-08.45.06:581][  0]LogAudioMixer: Display: 	Number of Async Source Workers:		  0
[2020.08.02-08.45.06:581][  0]LogAudio: Display: AudioDevice MaxSources: 32
[2020.08.02-08.45.06:597][  0]LogAudio: Display: Using built-in audio occlusion.
[2020.08.02-08.45.06:597][  0]LogAudioMixer: Display: Initializing audio mixer.
[2020.08.02-08.45.06:872][  0]LogAudioMixer: Display: Audio Device Output Speaker Info:
[2020.08.02-08.45.06:872][  0]LogAudioMixer: Display: Name: Speakers (2- USB PnP Sound Device)
[2020.08.02-08.45.06:872][  0]LogAudioMixer: Display: Is Default: Yes
[2020.08.02-08.45.06:873][  0]LogAudioMixer: Display: Sample Rate: 48000
[2020.08.02-08.45.06:873][  0]LogAudioMixer: Display: Channel Count Used: 2
[2020.08.02-08.45.06:873][  0]LogAudioMixer: Display: Device Channel Count: 2
[2020.08.02-08.45.06:873][  0]LogAudioMixer: Display: Channel Order:
[2020.08.02-08.45.06:873][  0]LogAudioMixer: Display: 0: FrontLeft
[2020.08.02-08.45.06:873][  0]LogAudioMixer: Display: 1: FrontRight
[2020.08.02-08.45.06:915][  0]LogAudioMixer: Display: Using Audio Device Speakers (2- USB PnP Sound Device)
[2020.08.02-08.45.07:026][  0]LogInit: FAudioDevice initialized.
[2020.08.02-08.45.07:026][  0]LogNetVersion: Set ProjectVersion to 1.0.0.0. Version Checksum will be recalculated on next use.
[2020.08.02-08.45.07:362][  0]LogDerivedDataCache: Saved boot cache 0.34s 78MB C:/Users/walid/AppData/Local/UnrealEngine/4.24/DerivedDataCache/Boot.ddc.
[2020.08.02-08.45.07:364][  0]LogInit: Texture streaming: Enabled
[2020.08.02-08.45.07:603][  0]LogEngineSessionManager: EngineSessionManager initialized
[2020.08.02-08.45.07:610][  0]LogEditorSessionSummary: Verbose: Initializing EditorSessionSummaryWriter for editor session tracking
[2020.08.02-08.45.07:641][  0]LogEditorSessionSummary: EditorSessionSummaryWriter initialized
[2020.08.02-08.45.08:138][  0]LogInit: Transaction tracking system initialized
[2020.08.02-08.45.08:473][  0]BlueprintLog: New page: Editor Load
[2020.08.02-08.45.09:153][  0]LocalizationService: Localization service is disabled
[2020.08.02-08.45.14:647][  0]LogFileCache: Scanning file cache for directory 'C:/Users/walid/Desktop/AI_Using_BP/Content/' took 0.15s
[2020.08.02-08.45.14:648][  0]LogCook: Display: Max memory allowance for cook 16384mb min free memory 0mb
[2020.08.02-08.45.14:648][  0]LogCook: Display: Mobile HDR setting 1
[2020.08.02-08.45.23:152][  0]SourceControl: Source control is disabled
[2020.08.02-08.45.23:188][  0]Cmd: MAP LOAD FILE="../../../../../Users/walid/Desktop/AI_Using_BP/Content/ThirdPersonBP/Maps/ThirdPersonExampleMap.umap" TEMPLATE=0 SHOWPROGRESS=1 FEATURELEVEL=3
[2020.08.02-08.45.23:211][  0]LightingResults: New page: Lighting Build
[2020.08.02-08.45.23:256][  0]LogWorld: UWorld::CleanupWorld for Untitled, bSessionEnded=true, bCleanupResources=true
[2020.08.02-08.45.23:256][  0]LogSlate: InvalidateAllWidgets triggered.  All widgets were invalidated
[2020.08.02-08.45.23:256][  0]MapCheck: New page: Map Check
[2020.08.02-08.45.23:256][  0]LightingResults: New page: Lighting Build
[2020.08.02-08.45.23:294][  0]LogUObjectHash: Compacting FUObjectHashTables data took   2.40ms
[2020.08.02-08.45.28:926][  0]LogAIModule: Creating AISystem for world ThirdPersonExampleMap
[2020.08.02-08.45.29:920][  0]LogEditorServer: Finished looking for orphan Actors (0.000 secs)
[2020.08.02-08.45.30:189][  0]LogUObjectHash: Compacting FUObjectHashTables data took  10.22ms
[2020.08.02-08.45.30:190][  0]Cmd: MAP CHECKDEP NOCLEARLOG
[2020.08.02-08.45.30:223][  0]MapCheck: Map check complete: 0 Error(s), 0 Warning(s), took 0,695ms to complete.
[2020.08.02-08.45.30:224][  0]LogFileHelpers: Loading map 'ThirdPersonExampleMap' took 7.036
[2020.08.02-08.45.31:729][  0]LogSlate: Updating window title bar state: overlay mode, drag disabled, window buttons hidden, title bar hidden
[2020.08.02-08.45.31:826][  0]LogSlate: Updating window title bar state: overlay mode, drag disabled, window buttons hidden, title bar hidden
[2020.08.02-08.45.31:835][  0]LogSlate: Updating window title bar state: overlay mode, drag disabled, window buttons hidden, title bar hidden
[2020.08.02-08.45.31:846][  0]LogSlate: Updating window title bar state: overlay mode, drag disabled, window buttons hidden, title bar hidden
[2020.08.02-08.45.32:105][  0]LogCollectionManager: Loaded 0 collections in 0.045903 seconds
[2020.08.02-08.45.32:270][  0]LogFileCache: Scanning file cache for directory 'C:/Users/walid/Desktop/AI_Using_BP/Saved/Collections/' took 0.00s
[2020.08.02-08.45.32:270][  0]LogFileCache: Scanning file cache for directory 'C:/Users/walid/Desktop/AI_Using_BP/Content/Developers/walid/Collections/' took 0.00s
[2020.08.02-08.45.32:270][  0]LogFileCache: Scanning file cache for directory 'C:/Users/walid/Desktop/AI_Using_BP/Content/Collections/' took 0.00s
[2020.08.02-08.45.32:270][  0]LogContentBrowser: Native class hierarchy populated in 0.0383 seconds. Added 3015 classes and 717 folders.
[2020.08.02-08.45.32:416][  0]LogContentBrowser: Native class hierarchy updated for 'WidgetCarousel' in 0.0010 seconds. Added 0 classes and 0 folders.
[2020.08.02-08.45.35:485][  0]LogContentBrowser: Native class hierarchy updated for 'AddContentDialog' in 0.0009 seconds. Added 0 classes and 0 folders.
[2020.08.02-08.45.35:799][  0]LogContentBrowser: Native class hierarchy updated for 'SceneOutliner' in 0.0011 seconds. Added 2 classes and 3 folders.
[2020.08.02-08.45.41:566][  0]LogContentBrowser: Native class hierarchy updated for 'HierarchicalLODOutliner' in 0.0005 seconds. Added 0 classes and 0 folders.
[2020.08.02-08.45.41:566][  0]LogLoad: (Engine Initialization) Total time: 191.98 seconds
[2020.08.02-08.45.41:566][  0]LogLoad: (Engine Initialization) Total Blueprint compile time: 0.00 seconds
[2020.08.02-08.45.42:928][  0]LogRenderer: Reallocating scene render targets to support 64x64 Format 9 NumSamples 1 (Frame:1).
[2020.08.02-08.45.42:928][  0]LogContentStreaming: Texture pool size now 800 MB
[2020.08.02-08.45.43:140][  0]LogSlate: Took 0.087261 seconds to synchronously load lazily loaded font '../../../Engine/Content/Slate/Fonts/Roboto-Regular.ttf' (155K)
[2020.08.02-08.45.43:254][  0]LogSlate: Took 0.105923 seconds to synchronously load lazily loaded font '../../../Engine/Content/Slate/Fonts/Roboto-Bold.ttf' (160K)
[2020.08.02-08.45.43:287][  0]LogSlate: Took 0.025744 seconds to synchronously load lazily loaded font '../../../Engine/Content/Editor/Slate/Fonts/FontAwesome.ttf' (139K)
[2020.08.02-08.45.43:452][  0]LogSlate: Took 0.079325 seconds to synchronously load lazily loaded font '../../../Engine/Content/Slate/Fonts/DroidSansFallback.ttf' (3848K)
[2020.08.02-08.45.45:383][  0]LogRenderer: Reallocating scene render targets to support 980x340 Format 9 NumSamples 1 (Frame:1).
[2020.08.02-08.45.45:383][  0]LogSlate: Took 0.016316 seconds to synchronously load lazily loaded font '../../../Engine/Content/Slate/Fonts/Roboto-Light.ttf' (167K)
[2020.08.02-08.45.50:728][ 53]LogAssetRegistry: Asset discovery search completed in 119.8602 seconds
[2020.08.02-08.45.50:763][ 53]LogCollectionManager: Fixed up redirectors for 0 collections in 0.015127 seconds (updated 0 objects)
[2020.08.02-08.59.51:991][447]LogRenderer: Reallocating scene render targets to support 988x468 Format 9 NumSamples 1 (Frame:70247).
[2020.08.02-08.59.53:894][611]LogSlate: Took 0.000334 seconds to synchronously load lazily loaded font '../../../Engine/Content/Slate/Fonts/Roboto-Light.ttf' (167K)
[2020.08.02-08.59.53:913][611]LogAssetEditorSubsystem: Opening Asset editor for Blueprint /Game/ThirdPersonBP/Blueprints/ThirdPersonCharacter.ThirdPersonCharacter
[2020.08.02-08.59.54:754][611]LogContentBrowser: Native class hierarchy updated for 'BlueprintGraph' in 0.0015 seconds. Added 121 classes and 0 folders.
[2020.08.02-08.59.58:060][611]LogSlate: Took 0.016696 seconds to synchronously load lazily loaded font '../../../Engine/Content/Slate/Fonts/Roboto-BoldCondensed.ttf' (158K)
[2020.08.02-08.59.58:648][612]LogSlate: Took 0.010172 seconds to synchronously load lazily loaded font '../../../Engine/Content/Slate/Fonts/Roboto-Italic.ttf' (157K)
[2020.08.02-09.00.00:410][749]LogSlate: Window 'ThirdPersonCharacter' being destroyed
[2020.08.02-09.02.12:005][468]LogUObjectHash: Compacting FUObjectHashTables data took   4.22ms
[2020.08.02-09.02.13:619][580]LogAssetEditorSubsystem: Opening Asset editor for Blueprint /Game/ThirdPersonBP/Blueprints/AI_ThirdPersonCharacter.AI_ThirdPersonCharacter
[2020.08.02-09.02.38:506][292]LogUObjectHash: Compacting FUObjectHashTables data took   3.78ms
[2020.08.02-09.02.38:507][292]LogFileHelpers: Editor autosave (incl. sublevels) for '/Game/ThirdPersonBP/Maps/ThirdPersonExampleMap' took 0.043
[2020.08.02-09.02.38:628][292]OBJ SavePackage: Generating thumbnails for [1] asset(s) in package [/Game/ThirdPersonBP/Blueprints/AI_ThirdPersonCharacter] ([1] browsable assets)...
[2020.08.02-09.02.38:964][292]OBJ SavePackage:     Rendered thumbnail for [Blueprint /Game/ThirdPersonBP/Blueprints/AI_ThirdPersonCharacter.AI_ThirdPersonCharacter]
[2020.08.02-09.02.38:964][292]OBJ SavePackage: Finished generating thumbnails for package [/Game/ThirdPersonBP/Blueprints/AI_ThirdPersonCharacter]
[2020.08.02-09.02.40:436][292]LogSavePackage: Moving '../../../../../Users/walid/Desktop/AI_Using_BP/Saved/AI_ThirdPersonCharacter_Auto1C0CC54C942D459A098985CBE33BB9F89.tmp' to '../../../../../Users/walid/Desktop/AI_Using_BP/Saved/Autosaves/Game/ThirdPersonBP/Blueprints/AI_ThirdPersonCharacter_Auto1.uasset'
[2020.08.02-09.02.40:597][292]LogFileHelpers: Auto-saving content packages took 2.090
[2020.08.02-09.02.49:531][810]BlueprintLog: New page: Compile AI_ThirdPersonCharacter
[2020.08.02-09.02.49:822][810]LogUObjectHash: Compacting FUObjectHashTables data took   4.05ms
[2020.08.02-09.03.56:976][132]BlueprintLog: New page: Compile AI_ThirdPersonCharacter
[2020.08.02-09.03.57:230][132]LogUObjectHash: Compacting FUObjectHashTables data took   4.16ms
[2020.08.02-09.04.21:023][660]BlueprintLog: New page: Compile AI_ThirdPersonCharacter
[2020.08.02-09.04.21:272][660]LogUObjectHash: Compacting FUObjectHashTables data took   3.82ms
[2020.08.02-09.05.48:050][903]LogSlate: Window 'Pick Parent Class' being destroyed
[2020.08.02-09.06.28:198][368]LogUObjectHash: Compacting FUObjectHashTables data took   4.25ms
[2020.08.02-09.06.28:214][368]LogMetaData: Removing '/Game/ThirdPersonBP/Blueprints/AIC_ThirdPersonCharacter.SKEL_AIC_ThirdPersonCharacter_C' ref from Metadata '/Game/ThirdPersonBP/Blueprints/AI_Controller.PackageMetaData'
[2020.08.02-09.06.28:214][368]LogMetaData: Removing '/Game/ThirdPersonBP/Blueprints/AIC_ThirdPersonCharacter.AIC_ThirdPersonCharacter_C' ref from Metadata '/Game/ThirdPersonBP/Blueprints/AI_Controller.PackageMetaData'
[2020.08.02-09.06.28:353][368]LogSavePackage: Moving '../../../../../Users/walid/Desktop/AI_Using_BP/Saved/AIC_ThirdPersonCharacterF9670E4641B92EF4C10E12B01D91DEBF.tmp' to '../../../../../Users/walid/Desktop/AI_Using_BP/Content/ThirdPersonBP/Blueprints/AIC_ThirdPersonCharacter.uasset'
[2020.08.02-09.06.28:628][368]LogUObjectHash: Compacting FUObjectHashTables data took   3.04ms
[2020.08.02-09.06.28:675][368]LogUObjectHash: Compacting FUObjectHashTables data took   2.69ms
[2020.08.02-09.06.28:711][368]LogUObjectHash: Compacting FUObjectHashTables data took   0.93ms
[2020.08.02-09.06.28:813][368]AssetCheck: New page: Asset Save: AIC_ThirdPersonCharacter
[2020.08.02-09.06.28:813][368]LogContentValidation: Display: Validating Blueprint /Game/ThirdPersonBP/Blueprints/AIC_ThirdPersonCharacter.AIC_ThirdPersonCharacter
[2020.08.02-09.07.00:245][926]BlueprintLog: New page: Compile AI_ThirdPersonCharacter
[2020.08.02-09.07.00:493][926]LogUObjectHash: Compacting FUObjectHashTables data took   3.46ms
[2020.08.02-09.07.04:757][398]LogSlate: Prevented a slow task dialog from being summoned while a context menu was open
[2020.08.02-09.07.14:801][530]BlueprintLog: New page: Compile AI_ThirdPersonCharacter
[2020.08.02-09.07.15:059][530]LogUObjectHash: Compacting FUObjectHashTables data took   3.76ms
[2020.08.02-09.07.15:896][614]LogSlate: Prevented a slow task dialog from being summoned while a context menu was open
[2020.08.02-09.07.34:428][649]LogWorld: UWorld::CleanupWorld for World_4, bSessionEnded=true, bCleanupResources=true
[2020.08.02-09.07.34:428][649]LogSlate: InvalidateAllWidgets triggered.  All widgets were invalidated
[2020.08.02-09.07.37:384][928]LogActorComponent: UnregisterComponent: (/Engine/Transient.EditorFloorComp) Not registered. Aborting.
[2020.08.02-09.07.37:385][928]LogWorld: UWorld::CleanupWorld for World_2, bSessionEnded=true, bCleanupResources=true
[2020.08.02-09.07.37:385][928]LogSlate: InvalidateAllWidgets triggered.  All widgets were invalidated
[2020.08.02-09.07.38:499][ 28]LogUObjectHash: Compacting FUObjectHashTables data took   3.56ms
[2020.08.02-09.07.38:891][ 28]LogSavePackage: Moving '../../../../../Users/walid/Desktop/AI_Using_BP/Saved/ThirdPersonExampleMap5B9BF9F54F643844FB3A0C992A5667EC.tmp' to '../../../../../Users/walid/Desktop/AI_Using_BP/Content/ThirdPersonBP/Maps/ThirdPersonExampleMap.umap'
[2020.08.02-09.07.39:209][ 28]LogSavePackage: Moving '../../../../../Users/walid/Desktop/AI_Using_BP/Saved/ThirdPersonExampleMap_BuiltData2F437C1F4CA2F8A0FC7DAEA7A584E47E.tmp' to '../../../../../Users/walid/Desktop/AI_Using_BP/Content/ThirdPersonBP/Maps/ThirdPersonExampleMap_BuiltData.uasset'
[2020.08.02-09.07.39:229][ 28]AssetCheck: New page: Asset Save: multiple assets
[2020.08.02-09.07.39:230][ 28]LogContentValidation: Display: Validating World /Game/ThirdPersonBP/Maps/ThirdPersonExampleMap.ThirdPersonExampleMap
[2020.08.02-09.07.39:230][ 28]LogContentValidation: Display: Validating MapBuildDataRegistry /Game/ThirdPersonBP/Maps/ThirdPersonExampleMap_BuiltData.ThirdPersonExampleMap_BuiltData
[2020.08.02-09.07.41:216][198]LogAssetEditorSubsystem: Opening Asset editor for Blueprint /Game/ThirdPersonBP/Blueprints/AI_ThirdPersonCharacter.AI_ThirdPersonCharacter
[2020.08.02-09.07.43:171][289]LogWorld: UWorld::CleanupWorld for World_5, bSessionEnded=true, bCleanupResources=true
[2020.08.02-09.07.43:171][289]LogSlate: InvalidateAllWidgets triggered.  All widgets were invalidated
[2020.08.02-09.07.43:229][289]LogAssetEditorSubsystem: Opening Asset editor for Blueprint /Game/ThirdPersonBP/Blueprints/AI_ThirdPersonCharacter.AI_ThirdPersonCharacter
[2020.08.02-09.07.45:922][536]LogSlate: Prevented a slow task dialog from being summoned while a context menu was open
[2020.08.02-09.08.04:339][516]LogSlate: Window 'Pick Parent Class' being destroyed
[2020.08.02-09.08.09:652][964]LogUObjectHash: Compacting FUObjectHashTables data took   4.19ms
[2020.08.02-09.08.10:787][964]LogSlate: Window 'Delete Assets' being destroyed
[2020.08.02-09.08.10:942][964]LogUObjectHash: Compacting FUObjectHashTables data took   3.04ms
[2020.08.02-09.08.10:989][964]LogUObjectHash: Compacting FUObjectHashTables data took   2.73ms
[2020.08.02-09.08.11:026][964]LogUObjectHash: Compacting FUObjectHashTables data took   0.99ms
[2020.08.02-09.08.13:508][195]LogUObjectHash: Compacting FUObjectHashTables data took   3.31ms
[2020.08.02-09.08.13:509][195]LogMetaData: Removing '/Game/ThirdPersonBP/Blueprints/AIC_ThirdPersonCharacter.AIC_ThirdPersonCharacter:UserConstructionScript.K2Node_FunctionEntry_0' ref from Metadata '/Game/ThirdPersonBP/Blueprints/NewBlueprint.PackageMetaData'
[2020.08.02-09.08.13:509][195]LogMetaData: Removing '/Game/ThirdPersonBP/Blueprints/AIC_ThirdPersonCharacter.SKEL_AIC_ThirdPersonCharacter_C' ref from Metadata '/Game/ThirdPersonBP/Blueprints/NewBlueprint.PackageMetaData'
[2020.08.02-09.08.13:509][195]LogMetaData: Removing '/Game/ThirdPersonBP/Blueprints/AIC_ThirdPersonCharacter.AIC_ThirdPersonCharacter_C' ref from Metadata '/Game/ThirdPersonBP/Blueprints/NewBlueprint.PackageMetaData'
[2020.08.02-09.08.13:509][195]LogMetaData: Removing '/Game/ThirdPersonBP/Blueprints/AIC_ThirdPersonCharacter.AIC_ThirdPersonCharacter:EventGraph.K2Node_Event_0' ref from Metadata '/Game/ThirdPersonBP/Blueprints/NewBlueprint.PackageMetaData'
[2020.08.02-09.08.13:509][195]LogMetaData: Removing '/Game/ThirdPersonBP/Blueprints/AIC_ThirdPersonCharacter.AIC_ThirdPersonCharacter:EventGraph.K2Node_Event_1' ref from Metadata '/Game/ThirdPersonBP/Blueprints/NewBlueprint.PackageMetaData'
[2020.08.02-09.08.13:545][195]LogSavePackage: Moving '../../../../../Users/walid/Desktop/AI_Using_BP/Saved/AIC_ThirdPersonCharacterD5F95DE04C86E16E5DE2C6B0562F6EC5.tmp' to '../../../../../Users/walid/Desktop/AI_Using_BP/Content/ThirdPersonBP/Blueprints/AIC_ThirdPersonCharacter.uasset'
[2020.08.02-09.08.13:742][195]LogUObjectHash: Compacting FUObjectHashTables data took   3.25ms
[2020.08.02-09.08.13:791][195]LogUObjectHash: Compacting FUObjectHashTables data took   3.11ms
[2020.08.02-09.08.13:826][195]LogUObjectHash: Compacting FUObjectHashTables data took   0.89ms
[2020.08.02-09.08.13:884][195]AssetCheck: New page: Asset Save: AIC_ThirdPersonCharacter
[2020.08.02-09.08.13:884][195]LogContentValidation: Display: Validating Blueprint /Game/ThirdPersonBP/Blueprints/AIC_ThirdPersonCharacter.AIC_ThirdPersonCharacter
[2020.08.02-09.08.15:642][378]LogSlate: Prevented a slow task dialog from being summoned while a context menu was open
[2020.08.02-09.08.20:398][905]BlueprintLog: New page: Compile AI_ThirdPersonCharacter
[2020.08.02-09.08.20:642][905]LogUObjectHash: Compacting FUObjectHashTables data took   3.55ms
[2020.08.02-09.09.16:727][132]LogTemp: Repeating last play command: Selected Viewport
[2020.08.02-09.09.16:757][132]LogBlueprintUserMessages: Early PlayInEditor Detection: Level '/Game/ThirdPersonBP/Maps/ThirdPersonExampleMap.ThirdPersonExampleMap:PersistentLevel' has LevelScriptBlueprint '/Game/ThirdPersonBP/Maps/ThirdPersonExampleMap.ThirdPersonExampleMap:PersistentLevel.ThirdPersonExampleMap' with GeneratedClass '/Game/ThirdPersonBP/Maps/ThirdPersonExampleMap.ThirdPersonExampleMap_C' with ClassGeneratedBy '/Game/ThirdPersonBP/Maps/ThirdPersonExampleMap.ThirdPersonExampleMap:PersistentLevel.ThirdPersonExampleMap'
[2020.08.02-09.09.16:792][132]LogPlayLevel: PlayLevel: No blueprints needed recompiling
[2020.08.02-09.09.16:911][132]PIE: New page: PIE session: ThirdPersonExampleMap (2 août 2020 à 11:09:16)
[2020.08.02-09.09.16:922][132]LogOnline: OSS: Creating online subsystem instance for: NULL
[2020.08.02-09.09.16:936][132]LogOnline: OSS: TryLoadSubsystemAndSetDefault: Loaded subsystem for module [NULL]
[2020.08.02-09.09.16:978][132]LogPlayLevel: Creating play world package: /Game/ThirdPersonBP/Maps/UEDPIE_0_ThirdPersonExampleMap
[2020.08.02-09.09.17:034][132]LogPlayLevel: PIE: StaticDuplicateObject took: (0.055974s)
[2020.08.02-09.09.17:058][132]LogAIModule: Creating AISystem for world ThirdPersonExampleMap
[2020.08.02-09.09.17:067][132]LogPlayLevel: PIE: World Init took: (0.032269s)
[2020.08.02-09.09.17:067][132]LogPlayLevel: PIE: Created PIE world by copying editor world from /Game/ThirdPersonBP/Maps/ThirdPersonExampleMap.ThirdPersonExampleMap to /Game/ThirdPersonBP/Maps/UEDPIE_0_ThirdPersonExampleMap.ThirdPersonExampleMap (0.088816s)
[2020.08.02-09.09.17:106][132]LogUObjectHash: Compacting FUObjectHashTables data took   3.42ms
[2020.08.02-09.09.17:118][132]LogAudioMixer: Display: Audio Mixer Platform Settings:
[2020.08.02-09.09.17:118][132]LogAudioMixer: Display: 	Sample Rate:						  48000
[2020.08.02-09.09.17:118][132]LogAudioMixer: Display: 	Callback Buffer Frame Size Requested: 1024
[2020.08.02-09.09.17:118][132]LogAudioMixer: Display: 	Callback Buffer Frame Size To Use:	  1024
[2020.08.02-09.09.17:118][132]LogAudioMixer: Display: 	Number of buffers to queue:			  2
[2020.08.02-09.09.17:118][132]LogAudioMixer: Display: 	Max Channels (voices):				  32
[2020.08.02-09.09.17:118][132]LogAudioMixer: Display: 	Number of Async Source Workers:		  0
[2020.08.02-09.09.17:118][132]LogAudio: Display: AudioDevice MaxSources: 32
[2020.08.02-09.09.17:119][132]LogAudio: Display: Using built-in audio occlusion.
[2020.08.02-09.09.17:119][132]LogAudioMixer: Display: Initializing audio mixer.
[2020.08.02-09.09.17:154][132]LogAudioMixer: Display: Audio Device Output Speaker Info:
[2020.08.02-09.09.17:154][132]LogAudioMixer: Display: Name: Speakers (2- USB PnP Sound Device)
[2020.08.02-09.09.17:154][132]LogAudioMixer: Display: Is Default: Yes
[2020.08.02-09.09.17:154][132]LogAudioMixer: Display: Sample Rate: 48000
[2020.08.02-09.09.17:154][132]LogAudioMixer: Display: Channel Count Used: 2
[2020.08.02-09.09.17:154][132]LogAudioMixer: Display: Device Channel Count: 2
[2020.08.02-09.09.17:154][132]LogAudioMixer: Display: Channel Order:
[2020.08.02-09.09.17:154][132]LogAudioMixer: Display: 0: FrontLeft
[2020.08.02-09.09.17:154][132]LogAudioMixer: Display: 1: FrontRight
[2020.08.02-09.09.17:175][132]LogAudioMixer: Display: Using Audio Device Speakers (2- USB PnP Sound Device)
[2020.08.02-09.09.17:176][132]LogInit: FAudioDevice initialized.
[2020.08.02-09.09.17:238][132]LogLoad: Game class is 'ThirdPersonGameMode_C'
[2020.08.02-09.09.17:448][132]LogWorld: Bringing World /Game/ThirdPersonBP/Maps/UEDPIE_0_ThirdPersonExampleMap.ThirdPersonExampleMap up for play (max tick rate 0) at 2020.08.02-10.09.17
[2020.08.02-09.09.17:827][132]LogWorld: Bringing up level for play took: 0.400597
[2020.08.02-09.09.17:838][132]LogOnline: OSS: Creating online subsystem instance for: :Context_9
[2020.08.02-09.09.18:116][132]LogContentBrowser: Native class hierarchy updated for 'MovieSceneCapture' in 0.0013 seconds. Added 20 classes and 0 folders.
[2020.08.02-09.09.18:142][132]PIE: Play in editor start time for /Game/ThirdPersonBP/Maps/UEDPIE_0_ThirdPersonExampleMap 2,122
[2020.08.02-09.09.18:143][132]LogBlueprintUserMessages: Late PlayInEditor Detection: Level '/Game/ThirdPersonBP/Maps/ThirdPersonExampleMap.ThirdPersonExampleMap:PersistentLevel' has LevelScriptBlueprint '/Game/ThirdPersonBP/Maps/ThirdPersonExampleMap.ThirdPersonExampleMap:PersistentLevel.ThirdPersonExampleMap' with GeneratedClass '/Game/ThirdPersonBP/Maps/ThirdPersonExampleMap.ThirdPersonExampleMap_C' with ClassGeneratedBy '/Game/ThirdPersonBP/Maps/ThirdPersonExampleMap.ThirdPersonExampleMap:PersistentLevel.ThirdPersonExampleMap'
[2020.08.02-09.09.26:617][ 27]LogAudioMixer: Display: No commands were queued while flushing the source manager.
[2020.08.02-09.09.26:617][ 27]LogAudioMixer: Display: No commands were queued while flushing the source manager.
[2020.08.02-09.09.26:662][ 27]LogBlueprintUserMessages: Early EndPlayMap Detection: Level '/Game/ThirdPersonBP/Maps/ThirdPersonExampleMap.ThirdPersonExampleMap:PersistentLevel' has LevelScriptBlueprint '/Game/ThirdPersonBP/Maps/ThirdPersonExampleMap.ThirdPersonExampleMap:PersistentLevel.ThirdPersonExampleMap' with GeneratedClass '/Game/ThirdPersonBP/Maps/ThirdPersonExampleMap.ThirdPersonExampleMap_C' with ClassGeneratedBy '/Game/ThirdPersonBP/Maps/ThirdPersonExampleMap.ThirdPersonExampleMap:PersistentLevel.ThirdPersonExampleMap'
[2020.08.02-09.09.26:710][ 27]LogSlate: Updating window title bar state: overlay mode, drag disabled, window buttons hidden, title bar hidden
[2020.08.02-09.09.26:710][ 27]LogWorld: BeginTearingDown for /Game/ThirdPersonBP/Maps/UEDPIE_0_ThirdPersonExampleMap
[2020.08.02-09.09.26:737][ 27]LogAudioMixer: Display: No commands were queued while flushing the source manager.
[2020.08.02-09.09.26:738][ 27]LogWorld: UWorld::CleanupWorld for ThirdPersonExampleMap, bSessionEnded=true, bCleanupResources=true
[2020.08.02-09.09.26:756][ 27]LogSlate: InvalidateAllWidgets triggered.  All widgets were invalidated
[2020.08.02-09.09.26:803][ 27]LogPlayLevel: Display: Shutting down PIE online subsystems
[2020.08.02-09.09.26:803][ 27]LogBlueprintUserMessages: Late EndPlayMap Detection: Level '/Game/ThirdPersonBP/Maps/ThirdPersonExampleMap.ThirdPersonExampleMap:PersistentLevel' has LevelScriptBlueprint '/Game/ThirdPersonBP/Maps/ThirdPersonExampleMap.ThirdPersonExampleMap:PersistentLevel.ThirdPersonExampleMap' with GeneratedClass '/Game/ThirdPersonBP/Maps/ThirdPersonExampleMap.ThirdPersonExampleMap_C' with ClassGeneratedBy '/Game/ThirdPersonBP/Maps/ThirdPersonExampleMap.ThirdPersonExampleMap:PersistentLevel.ThirdPersonExampleMap'
[2020.08.02-09.09.26:817][ 27]LogSlate: InvalidateAllWidgets triggered.  All widgets were invalidated
[2020.08.02-09.09.26:887][ 27]LogAudioMixer: Display: No commands were queued while flushing the source manager.
[2020.08.02-09.09.26:890][ 27]LogSlate: Updating window title bar state: overlay mode, drag disabled, window buttons hidden, title bar hidden
[2020.08.02-09.09.26:928][ 27]LogUObjectHash: Compacting FUObjectHashTables data took   5.48ms
[2020.08.02-09.09.26:965][ 28]LogPlayLevel: Display: Destroying online subsystem :Context_9
[2020.08.02-09.09.28:846][224]LogUObjectHash: Compacting FUObjectHashTables data took   7.61ms
[2020.08.02-09.09.28:945][224]LogUObjectHash: Compacting FUObjectHashTables data took   0.97ms
[2020.08.02-09.09.29:241][224]LogSavePackage: Moving '../../../../../Users/walid/Desktop/AI_Using_BP/Saved/ThirdPersonExampleMap6894D69E4DCC3B641BBB5B94B76BBE96.tmp' to '../../../../../Users/walid/Desktop/AI_Using_BP/Content/ThirdPersonBP/Maps/ThirdPersonExampleMap.umap'
[2020.08.02-09.09.29:261][224]LogFileHelpers: Saving map 'ThirdPersonExampleMap' took 0.370
[2020.08.02-09.09.29:300][224]LogSavePackage: Moving '../../../../../Users/walid/Desktop/AI_Using_BP/Saved/AI_ThirdPersonCharacter7D8D67E046FDB2A3A9B98F9408A02F17.tmp' to '../../../../../Users/walid/Desktop/AI_Using_BP/Content/ThirdPersonBP/Blueprints/AI_ThirdPersonCharacter.uasset'
[2020.08.02-09.09.29:325][224]AssetCheck: New page: Asset Save: multiple assets
[2020.08.02-09.09.29:325][224]LogContentValidation: Display: Validating World /Game/ThirdPersonBP/Maps/ThirdPersonExampleMap.ThirdPersonExampleMap
[2020.08.02-09.09.29:325][224]LogContentValidation: Display: Validating Blueprint /Game/ThirdPersonBP/Blueprints/AI_ThirdPersonCharacter.AI_ThirdPersonCharacter
